WebSocket connected
[20:33:48 DBG] [FileAccess] Started 00-thumbnail.jpg (0.2 MB, 1 segments, offset 0, buffer 1, max 200) range=bytes=0-164197
[20:33:49 INF] [FileAccess] 00-thumbnail.jpg provider news.easynews.com BODY on 79301885377@nyuu: Success in 741ms
[20:33:49 INF] [FileAccess] First byte of 00-thumbnail.jpg after 1032ms range=bytes=0-164197
[20:33:49 DBG] [FileAccess] 00-thumbnail.jpg segment 0 from news.easynews.com (79301885377@nyuu): 164198 bytes, ttfb 750ms, transfer 416ms, 3.15 Mbit/s
[20:33:49 INF] [FileAccess] Finished 00-thumbnail.jpg: delivered 0.2 MB in 1.2s (effective 1.12 Mbit/s, 1 segments read)
[20:33:49 INF] [FileAccess] 00-thumbnail.jpg provider news.easynews.com: 1 segments, 0.2 MB, 3.15 Mbit/s avg, 750ms avg ttfb, 1 ok (741ms avg), 0 failed, 0 missing, 0 timeouts, 741ms avg response
[20:33:49 DBG] [FileAccess] Started FC2.PPV.4903657_1.1080p.mp4 (10810.7 MB, 2703 segments, offset 0, buffer 6, max 200) range=bytes=0-16777215
[20:33:50 INF] [FileAccess] FC2.PPV.4903657_1.1080p.mp4 provider news.easynews.com BODY on 79301885437@nyuu: Success in 187ms
[20:33:50 INF] [FileAccess] First byte of FC2.PPV.4903657_1.1080p.mp4 after 188ms range=bytes=0-16777215
[20:33:50 DBG] [FileAccess] Started FC2.PPV.4903657_1.1080p.mp4 (10810.7 MB, 2703 segments, offset 11328062919, buffer 3, max 200) range=bytes=11328062919-11335845784
[20:33:50 INF] [FileAccess] FC2.PPV.4903657_1.1080p.mp4 provider news.easynews.com BODY on 79301885484@nyuu: Success in 751ms
[20:33:50 INF] [FileAccess] FC2.PPV.4903657_1.1080p.mp4 provider news.easynews.com BODY on 79301885552@nyuu: Success in 751ms
[20:33:50 INF] [FileAccess] FC2.PPV.4903657_1.1080p.mp4 provider news.easynews.com BODY on 79301885546@nyuu: Success in 752ms
[20:33:50 INF] [FileAccess] FC2.PPV.4903657_1.1080p.mp4 provider news.easynews.com BODY on 79301885614@nyuu: Success in 756ms
[20:33:50 INF] [FileAccess] FC2.PPV.4903657_1.1080p.mp4 provider news.easynews.com BODY on 79301885574@nyuu: Success in 798ms
[20:33:50 DBG] [FileAccess] FC2.PPV.4903657_1.1080p.mp4 segment 0 from news.easynews.com (79301885437@nyuu): 4194304 bytes, ttfb 187ms, transfer 703ms, 47.74 Mbit/s
[20:33:50 INF] [FileAccess] FC2.PPV.4903657_1.1080p.mp4 provider news.easynews.com BODY on 79301885587@nyuu: Success in 914ms
[20:33:51 INF] [FileAccess] FC2.PPV.4903657_1.1080p.mp4 provider news.easynews.com BODY on 79301885637@nyuu: Success in 257ms
[20:33:51 INF] [FileAccess] FC2.PPV.4903657_1.1080p.mp4 provider news.easynews.com BODY on 79301929297@nyuu: Success in 779ms
[20:33:51 INF] [FileAccess] FC2.PPV.4903657_1.1080p.mp4 provider news.easynews.com BODY on 79301929283@nyuu: Success in 800ms
[20:33:51 INF] [FileAccess] FC2.PPV.4903657_1.1080p.mp4 provider news.easynews.com BODY on 79301929311@nyuu: Success in 810ms
[20:33:54 INF] [FileAccess] First byte of FC2.PPV.4903657_1.1080p.mp4 after 4017ms range=bytes=11328062919-11335845784
[20:33:54 DBG] [FileAccess] FC2.PPV.4903657_1.1080p.mp4 segment 1 from news.easynews.com (79301885484@nyuu): 2621440 bytes, ttfb 752ms, transfer 4039ms, 5.19 Mbit/s
[20:33:54 INF] [FileAccess] Finished FC2.PPV.4903657_1.1080p.mp4: delivered 6.5 MB in 4.8s (effective 11.38 Mbit/s, 2 segments read)
[20:33:54 INF] [FileAccess] FC2.PPV.4903657_1.1080p.mp4 provider news.easynews.com: 2 segments, 6.5 MB, 11.50 Mbit/s avg, 469ms avg ttfb, 8 ok (646ms avg), 0 failed, 0 missing, 0 timeouts, 646ms avg response
[20:33:54 DBG] [FileAccess] FC2.PPV.4903657_1.1080p.mp4 segment 2700 from news.easynews.com (79301929283@nyuu): 4194304 bytes, ttfb 800ms, transfer 3551ms, 9.45 Mbit/s
[20:33:54 DBG] [FileAccess] FC2.PPV.4903657_1.1080p.mp4 segment 2701 from news.easynews.com (79301929297@nyuu): 4194304 bytes, ttfb 779ms, transfer 3583ms, 9.36 Mbit/s
[20:33:55 DBG] [FileAccess] FC2.PPV.4903657_1.1080p.mp4 segment 2702 from news.easynews.com (79301929311@nyuu): 2836377 bytes, ttfb 810ms, transfer 4256ms, 5.33 Mbit/s
[20:33:55 INF] [FileAccess] Finished FC2.PPV.4903657_1.1080p.mp4: delivered 7.4 MB in 5.1s (effective 12.29 Mbit/s, 3 segments read)
[20:33:55 INF] [FileAccess] FC2.PPV.4903657_1.1080p.mp4 provider news.easynews.com: 3 segments, 10.7 MB, 7.88 Mbit/s avg, 796ms avg ttfb, 3 ok (796ms avg), 0 failed, 0 missing, 0 timeouts, 796ms avg response
[20:33:55 DBG] [FileAccess] Started FC2.PPV.4903657_1.1080p.mp4 (10810.7 MB, 2703 segments, offset 48, buffer 6, max 200) range=bytes=48-16777263
[20:33:55 INF] [FileAccess] FC2.PPV.4903657_1.1080p.mp4 provider news.easynews.com BODY on 79301885484@nyuu: Success in 155ms
[20:33:55 INF] [FileAccess] FC2.PPV.4903657_1.1080p.mp4 provider news.easynews.com BODY on 79301885587@nyuu: Success in 156ms
[20:33:55 INF] [FileAccess] FC2.PPV.4903657_1.1080p.mp4 provider news.easynews.com BODY on 79301885552@nyuu: Success in 157ms
[20:33:55 INF] [FileAccess] FC2.PPV.4903657_1.1080p.mp4 provider news.easynews.com BODY on 79301885437@nyuu: Success in 158ms
[20:33:55 INF] [FileAccess] FC2.PPV.4903657_1.1080p.mp4 provider news.easynews.com BODY on 79301885614@nyuu: Success in 164ms
[20:33:55 INF] [FileAccess] FC2.PPV.4903657_1.1080p.mp4 provider news.easynews.com BODY on 79301885546@nyuu: Success in 171ms
[20:33:55 INF] [FileAccess] FC2.PPV.4903657_1.1080p.mp4 provider news.easynews.com BODY on 79301885574@nyuu: Success in 173ms
[20:33:56 INF] [FileAccess] First byte of FC2.PPV.4903657_1.1080p.mp4 after 431ms range=bytes=48-16777263
[20:33:57 DBG] [FileAccess] Started FC2.PPV.4903657_1.1080p.mp4 (10810.7 MB, 2703 segments, offset 2829517175, buffer 6, max 200) range=bytes=2829517175-2846294390
[20:33:57 INF] [FileAccess] FC2.PPV.4903657_1.1080p.mp4 provider news.easynews.com BODY on 79301896221@nyuu: Success in 179ms
[20:33:57 INF] [FileAccess] FC2.PPV.4903657_1.1080p.mp4 provider news.easynews.com BODY on 79301896207@nyuu: Success in 213ms
[20:33:58 INF] [FileAccess] FC2.PPV.4903657_1.1080p.mp4 provider news.easynews.com BODY on 79301896235@nyuu: Success in 767ms
[20:33:58 INF] [FileAccess] FC2.PPV.4903657_1.1080p.mp4 provider news.easynews.com BODY on 79301896248@nyuu: Success in 1315ms
[20:33:58 INF] [FileAccess] FC2.PPV.4903657_1.1080p.mp4 provider news.easynews.com BODY on 79301896262@nyuu: Success in 1500ms
[20:33:59 INF] [FileAccess] FC2.PPV.4903657_1.1080p.mp4 provider news.easynews.com BODY on 79301896276@nyuu: Success in 1853ms
[20:33:59 INF] [FileAccess] FC2.PPV.4903657_1.1080p.mp4 provider news.easynews.com BODY on 79301896289@nyuu: Success in 2010ms
[20:34:01 INF] [FileAccess] First byte of FC2.PPV.4903657_1.1080p.mp4 after 3531ms range=bytes=2829517175-2846294390
[20:34:01 DBG] [FileAccess] FC2.PPV.4903657_1.1080p.mp4 segment 0 from news.easynews.com (79301885437@nyuu): 4128816 bytes, ttfb 158ms, transfer 5257ms, 6.28 Mbit/s
[20:34:01 INF] [FileAccess] Finished FC2.PPV.4903657_1.1080p.mp4: delivered 3.9 MB in 5.4s (effective 6.10 Mbit/s, 1 segments read)
[20:34:01 INF] [FileAccess] FC2.PPV.4903657_1.1080p.mp4 provider news.easynews.com: 1 segments, 3.9 MB, 6.28 Mbit/s avg, 158ms avg ttfb, 7 ok (162ms avg), 0 failed, 0 missing, 0 timeouts, 162ms avg response
[20:34:01 DBG] [FileAccess] Started FC2.PPV.4903657_2.1080p.mp4 (1286.1 MB, 322 segments, offset 0, buffer 6, max 200) range=bytes=0-16777215
[20:34:01 INF] [FileAccess] FC2.PPV.4903657_2.1080p.mp4 provider news.easynews.com BODY on 79301929396@nyuu: Success in 188ms
[20:34:01 INF] [FileAccess] FC2.PPV.4903657_2.1080p.mp4 provider news.easynews.com BODY on 79301929352@nyuu: Success in 192ms
[20:34:01 INF] [FileAccess] FC2.PPV.4903657_2.1080p.mp4 provider news.easynews.com BODY on 79301929410@nyuu: Success in 193ms
[20:34:01 INF] [FileAccess] FC2.PPV.4903657_2.1080p.mp4 provider news.easynews.com BODY on 79301929367@nyuu: Success in 201ms
[20:34:01 INF] [FileAccess] FC2.PPV.4903657_2.1080p.mp4 provider news.easynews.com BODY on 79301929338@nyuu: Success in 206ms
[20:34:01 INF] [FileAccess] FC2.PPV.4903657_2.1080p.mp4 provider news.easynews.com BODY on 79301929425@nyuu: Success in 244ms
[20:34:02 INF] [FileAccess] First byte of FC2.PPV.4903657_2.1080p.mp4 after 353ms range=bytes=0-16777215
[20:34:02 INF] [FileAccess] FC2.PPV.4903657_2.1080p.mp4 provider news.easynews.com BODY on 79301929381@nyuu: Success in 404ms
[20:34:02 DBG] [FileAccess] Started FC2.PPV.4903657_2.1080p.mp4 (1286.1 MB, 322 segments, offset 1348157440, buffer 1, max 200) range=bytes=1348157440-1348562578
[20:34:02 DBG] [FileAccess] FC2.PPV.4903657_1.1080p.mp4 segment 674 from news.easynews.com (79301896207@nyuu): 4194304 bytes, ttfb 213ms, transfer 5057ms, 6.64 Mbit/s
[20:34:02 DBG] [FileAccess] FC2.PPV.4903657_1.1080p.mp4 segment 675 from news.easynews.com (79301896221@nyuu): 1310720 bytes, ttfb 180ms, transfer 5102ms, 2.06 Mbit/s
[20:34:02 INF] [FileAccess] Finished FC2.PPV.4903657_1.1080p.mp4: delivered 2.8 MB in 5.3s (effective 4.46 Mbit/s, 2 segments read)
[20:34:02 INF] [FileAccess] FC2.PPV.4903657_1.1080p.mp4 provider news.easynews.com: 2 segments, 5.2 MB, 4.34 Mbit/s avg, 196ms avg ttfb, 7 ok (1120ms avg), 0 failed, 0 missing, 0 timeouts, 1120ms avg response
[20:34:02 INF] [FileAccess] FC2.PPV.4903657_2.1080p.mp4 provider news.easynews.com BODY on 79301935024@nyuu: Success in 222ms
[20:34:03 INF] [FileAccess] FC2.PPV.4903657_1.1080p.mp4 provider news.easynews.com BODY on 79301896303@nyuu: Success in 242ms
[20:34:04 INF] [FileAccess] First byte of FC2.PPV.4903657_2.1080p.mp4 after 1511ms range=bytes=1348157440-1348562578
[20:34:04 DBG] [FileAccess] FC2.PPV.4903657_2.1080p.mp4 segment 0 from news.easynews.com (79301929338@nyuu): 1900544 bytes, ttfb 206ms, transfer 2323ms, 6.55 Mbit/s
[20:34:04 INF] [FileAccess] Finished FC2.PPV.4903657_2.1080p.mp4: delivered 1.8 MB in 2.5s (effective 6.01 Mbit/s, 1 segments read)
[20:34:04 INF] [FileAccess] FC2.PPV.4903657_2.1080p.mp4 provider news.easynews.com: 1 segments, 1.8 MB, 6.55 Mbit/s avg, 206ms avg ttfb, 7 ok (233ms avg), 0 failed, 0 missing, 0 timeouts, 233ms avg response
[20:34:04 DBG] [FileAccess] FC2.PPV.4903657_2.1080p.mp4 segment 321 from news.easynews.com (79301935024@nyuu): 2190995 bytes, ttfb 222ms, transfer 1574ms, 11.13 Mbit/s
[20:34:04 INF] [FileAccess] Finished FC2.PPV.4903657_2.1080p.mp4: delivered 0.4 MB in 1.8s (effective 1.80 Mbit/s, 1 segments read)
[20:34:04 INF] [FileAccess] FC2.PPV.4903657_2.1080p.mp4 provider news.easynews.com: 1 segments, 2.1 MB, 11.13 Mbit/s avg, 222ms avg ttfb, 1 ok (222ms avg), 0 failed, 0 missing, 0 timeouts, 222ms avg response
[20:34:04 DBG] [FileAccess] Started FC2.PPV.4903657_2.1080p.mp4 (1286.1 MB, 322 segments, offset 131072, buffer 6, max 200) range=bytes=131072-16908287
[20:34:04 INF] [FileAccess] FC2.PPV.4903657_2.1080p.mp4 provider news.easynews.com BODY on 79301929338@nyuu: Success in 144ms
[20:34:04 INF] [FileAccess] FC2.PPV.4903657_2.1080p.mp4 provider news.easynews.com BODY on 79301929352@nyuu: Success in 148ms
[20:34:04 INF] [FileAccess] First byte of FC2.PPV.4903657_2.1080p.mp4 after 148ms range=bytes=131072-16908287
[20:34:04 INF] [FileAccess] FC2.PPV.4903657_2.1080p.mp4 provider news.easynews.com BODY on 79301929367@nyuu: Success in 168ms
[20:34:04 INF] [FileAccess] FC2.PPV.4903657_2.1080p.mp4 provider news.easynews.com BODY on 79301929381@nyuu: Success in 469ms
[20:34:05 INF] [FileAccess] FC2.PPV.4903657_2.1080p.mp4 provider news.easynews.com BODY on 79301929396@nyuu: Success in 1278ms
[20:34:06 INF] [FileAccess] FC2.PPV.4903657_2.1080p.mp4 provider news.easynews.com BODY on 79301929410@nyuu: Success in 1712ms
[20:34:06 INF] [FileAccess] FC2.PPV.4903657_2.1080p.mp4 provider news.easynews.com BODY on 79301929425@nyuu: Success in 1871ms
[20:34:06 DBG] [FileAccess] FC2.PPV.4903657_2.1080p.mp4 segment 0 from news.easynews.com (79301929338@nyuu): 4194304 bytes, ttfb 144ms, transfer 2257ms, 14.87 Mbit/s
[20:34:06 DBG] [FileAccess] FC2.PPV.4903657_2.1080p.mp4 segment 1 from news.easynews.com (79301929352@nyuu): 4194304 bytes, ttfb 148ms, transfer 2266ms, 14.81 Mbit/s
[20:34:06 DBG] [FileAccess] FC2.PPV.4903657_2.1080p.mp4 segment 2 from news.easynews.com (79301929367@nyuu): 4194304 bytes, ttfb 168ms, transfer 2257ms, 14.87 Mbit/s
[20:34:06 DBG] [FileAccess] Started FC2.PPV.4903657_2.1080p.mp4 (1286.1 MB, 322 segments, offset 336531456, buffer 6, max 200) range=bytes=336531456-353308671
[20:34:07 INF] [FileAccess] FC2.PPV.4903657_2.1080p.mp4 provider news.easynews.com BODY on 79301929439@nyuu: Success in 191ms
[20:34:07 INF] [FileAccess] FC2.PPV.4903657_2.1080p.mp4 provider news.easynews.com BODY on 79301929454@nyuu: Success in 217ms
[20:34:07 INF] [FileAccess] FC2.PPV.4903657_2.1080p.mp4 provider news.easynews.com BODY on 79301929468@nyuu: Success in 220ms
[20:34:07 INF] [FileAccess] FC2.PPV.4903657_2.1080p.mp4 provider news.easynews.com BODY on 79301930553@nyuu: Success in 238ms
[20:34:07 INF] [FileAccess] FC2.PPV.4903657_2.1080p.mp4 provider news.easynews.com BODY on 79301930568@nyuu: Success in 298ms
[20:34:07 INF] [FileAccess] FC2.PPV.4903657_2.1080p.mp4 provider news.easynews.com BODY on 79301930584@nyuu: Success in 321ms
[20:34:07 DBG] [FileAccess] FC2.PPV.4903657_2.1080p.mp4 segment 3 from news.easynews.com (79301929381@nyuu): 4194304 bytes, ttfb 469ms, transfer 2348ms, 14.29 Mbit/s
[20:34:07 DBG] [FileAccess] FC2.PPV.4903657_2.1080p.mp4 segment 4 from news.easynews.com (79301929396@nyuu): 131072 bytes, ttfb 1278ms, transfer 1540ms, 0.68 Mbit/s
[20:34:07 INF] [FileAccess] Finished FC2.PPV.4903657_2.1080p.mp4: delivered 16.0 MB in 2.8s (effective 47.61 Mbit/s, 5 segments read)
[20:34:07 INF] [FileAccess] FC2.PPV.4903657_2.1080p.mp4 provider news.easynews.com: 5 segments, 16.1 MB, 12.68 Mbit/s avg, 441ms avg ttfb, 10 ok (642ms avg), 0 failed, 0 missing, 0 timeouts, 642ms avg response
[20:34:07 INF] [FileAccess] FC2.PPV.4903657_2.1080p.mp4 provider news.easynews.com BODY on 79301930600@nyuu: Success in 455ms
[20:34:07 INF] [FileAccess] FC2.PPV.4903657_2.1080p.mp4 provider news.easynews.com BODY on 79301930615@nyuu: Success in 578ms
[20:34:07 INF] [FileAccess] FC2.PPV.4903657_2.1080p.mp4 provider news.easynews.com BODY on 79301930631@nyuu: Success in 825ms
[20:34:08 INF] [FileAccess] First byte of FC2.PPV.4903657_2.1080p.mp4 after 1186ms range=bytes=336531456-353308671
[20:34:08 INF] [FileAccess] FC2.PPV.4903657_2.1080p.mp4 provider news.easynews.com BODY on 79301930645@nyuu: Success in 1437ms
[20:34:09 DBG] [FileAccess] FC2.PPV.4903657_2.1080p.mp4 segment 80 from news.easynews.com (79301930553@nyuu): 4194304 bytes, ttfb 239ms, transfer 2522ms, 13.30 Mbit/s
[20:34:09 INF] [FileAccess] Finished FC2.PPV.4903657_2.1080p.mp4: delivered 3.1 MB in 2.8s (effective 9.29 Mbit/s, 1 segments read)
[20:34:09 INF] [FileAccess] FC2.PPV.4903657_2.1080p.mp4 provider news.easynews.com: 1 segments, 4.0 MB, 13.30 Mbit/s avg, 239ms avg ttfb, 7 ok (593ms avg), 0 failed, 0 missing, 0 timeouts, 593ms avg response
